<?xml version="1.0" encoding="UTF-8"?>
<testng-results ignored="0" total="2" passed="2" failed="0" skipped="0">
  <reporter-output>
  </reporter-output>
  <suite started-at="2021-05-11T05:38:41 IST" name="Default suite" finished-at="2021-05-11T05:38:59 IST" duration-ms="17529">
    <groups>
      <group name="cucumber">
        <method signature="AbstractTestNGCucumberTests.runScenario(cucumber.api.testng.PickleEventWrapper, cucumber.api.testng.CucumberFeatureWrapper)[pri:0, instance:Runner.RunLogin@30ee2816]" name="runScenario" class="cucumber.api.testng.AbstractTestNGCucumberTests"/>
      </group> <!-- cucumber -->
    </groups>
    <test started-at="2021-05-11T05:38:41 IST" name="Default test" finished-at="2021-05-11T05:38:59 IST" duration-ms="17529">
      <class name="Runner.RunLogin">
        <test-method is-config="true" signature="setUpClass()[pri:0, instance:Runner.RunLogin@30ee2816]" started-at="2021-05-11T05:38:41 IST" name="setUpClass" finished-at="2021-05-11T05:38:42 IST" duration-ms="569" status="PASS">
          <reporter-output>
          </reporter-output>
        </test-method> <!-- setUpClass -->
        <test-method signature="runScenario(cucumber.api.testng.PickleEventWrapper, cucumber.api.testng.CucumberFeatureWrapper)[pri:0, instance:Runner.RunLogin@30ee2816]" started-at="2021-05-11T05:38:42 IST" name="runScenario" description="Runs Cucumber Scenarios" data-provider="scenarios" finished-at="2021-05-11T05:38:51 IST" duration-ms="8900" status="PASS">
          <params>
            <param index="0">
              <value>
                <![CDATA["Login with  postive credentials"]]>
              </value>
            </param>
            <param index="1">
              <value>
                <![CDATA["Leaftab login functionality"]]>
              </value>
            </param>
          </params>
          <reporter-output>
          </reporter-output>
        </test-method> <!-- runScenario -->
        <test-method signature="runScenario(cucumber.api.testng.PickleEventWrapper, cucumber.api.testng.CucumberFeatureWrapper)[pri:0, instance:Runner.RunLogin@30ee2816]" started-at="2021-05-11T05:38:51 IST" name="runScenario" description="Runs Cucumber Scenarios" data-provider="scenarios" finished-at="2021-05-11T05:38:58 IST" duration-ms="6871" status="PASS">
          <params>
            <param index="0">
              <value>
                <![CDATA["Login with  postive credentials"]]>
              </value>
            </param>
            <param index="1">
              <value>
                <![CDATA["Leaftab login functionality"]]>
              </value>
            </param>
          </params>
          <reporter-output>
          </reporter-output>
        </test-method> <!-- runScenario -->
        <test-method is-config="true" signature="tearDownClass()[pri:0, instance:Runner.RunLogin@30ee2816]" started-at="2021-05-11T05:38:58 IST" name="tearDownClass" finished-at="2021-05-11T05:38:59 IST" duration-ms="1032" status="PASS">
          <reporter-output>
          </reporter-output>
        </test-method> <!-- tearDownClass -->
      </class> <!-- Runner.RunLogin -->
    </test> <!-- Default test -->
  </suite> <!-- Default suite -->
</testng-results>
